[    20.859] 
X.Org X Server 1.21.1.7
X Protocol Version 11, Revision 0
[    20.859] Current Operating System: Linux debian 6.1.0-37-amd64 #1 SMP PREEMPT_DYNAMIC Debian 6.1.140-1 (2025-05-22) x86_64
[    20.859] Kernel command line: BOOT_IMAGE=/live/vmlinuz-6.1.0-37-amd64 boot=live components findiso= rdinit=/vtoy/vtoy
[    20.859] xorg-server 2:21.1.7-3+deb12u9 (https://www.debian.org/support) 
[    20.859] Current version of pixman: 0.42.2
[    20.859] 	Before reporting problems, check http://wiki.x.org
	to make sure that you have the latest version.
[    20.859] Markers: (--) probed, (**) from config file, (==) default setting,
	(++) from command line, (!!) notice, (II) informational,
	(WW) warning, (EE) error, (NI) not implemented, (??) unknown.
[    20.860] (==) Log file: "/home/user/.local/share/xorg/Xorg.0.log", Time: Fri Jun 13 14:43:02 2025
[    20.863] (==) Using config directory: "/etc/X11/xorg.conf.d"
[    20.863] (==) Using system config directory "/usr/share/X11/xorg.conf.d"
[    20.868] (==) No Layout section.  Using the first Screen section.
[    20.868] (==) No screen section available. Using defaults.
[    20.868] (**) |-->Screen "Default Screen Section" (0)
[    20.868] (**) |   |-->Monitor "<default monitor>"
[    20.868] (==) No monitor specified for screen "Default Screen Section".
	Using a default monitor configuration.
[    20.868] (==) Automatically adding devices
[    20.868] (==) Automatically enabling devices
[    20.868] (==) Automatically adding GPU devices
[    20.868] (==) Automatically binding GPU devices
[    20.868] (==) Max clients allowed: 256, resource mask: 0x1fffff
[    20.869] (WW) The directory "/usr/share/fonts/X11/cyrillic" does not exist.
[    20.869] 	Entry deleted from font path.
[    20.869] (==) FontPath set to:
	/usr/share/fonts/X11/misc,
	/usr/share/fonts/X11/100dpi/:unscaled,
	/usr/share/fonts/X11/75dpi/:unscaled,
	/usr/share/fonts/X11/Type1,
	/usr/share/fonts/X11/100dpi,
	/usr/share/fonts/X11/75dpi,
	built-ins
[    20.869] (==) ModulePath set to "/usr/lib/xorg/modules"
[    20.869] (II) The server relies on udev to provide the list of input devices.
	If no devices become available, reconfigure udev or disable AutoAddDevices.
[    20.869] (II) Loader magic: 0x560a0f554f00
[    20.869] (II) Module ABI versions:
[    20.869] 	X.Org ANSI C Emulation: 0.4
[    20.869] 	X.Org Video Driver: 25.2
[    20.869] 	X.Org XInput driver : 24.4
[    20.869] 	X.Org Server Extension : 10.0
[    20.869] (++) using VT number 1

[    20.870] (II) systemd-logind: took control of session /org/freedesktop/login1/session/_31
[    20.871] (II) xfree86: Adding drm device (/dev/dri/card0)
[    20.871] (II) Platform probe for /sys/devices/pci0000:00/0000:00:02.0/drm/card0
[    20.872] (II) systemd-logind: got fd for /dev/dri/card0 226:0 fd 13 paused 0
[    20.874] (--) PCI:*(0@0:2:0) 8086:9a78:103c:88ba rev 1, Mem @ 0x6002000000/16777216, 0x4000000000/268435456, I/O @ 0x00004000/64, BIOS @ 0x????????/131072
[    20.874] (II) LoadModule: "glx"
[    20.875] (II) Loading /usr/lib/xorg/modules/extensions/libglx.so
[    20.888] (II) Module glx: vendor="X.Org Foundation"
[    20.888] 	compiled for 1.21.1.7, module version = 1.0.0
[    20.888] 	ABI class: X.Org Server Extension, version 10.0
[    20.888] (==) Matched modesetting as autoconfigured driver 0
[    20.888] (==) Matched fbdev as autoconfigured driver 1
[    20.888] (==) Matched vesa as autoconfigured driver 2
[    20.888] (==) Assigned the driver to the xf86ConfigLayout
[    20.888] (II) LoadModule: "modesetting"
[    20.889] (II) Loading /usr/lib/xorg/modules/drivers/modesetting_drv.so
[    20.896] (II) Module modesetting: vendor="X.Org Foundation"
[    20.896] 	compiled for 1.21.1.7, module version = 1.21.1
[    20.896] 	Module class: X.Org Video Driver
[    20.896] 	ABI class: X.Org Video Driver, version 25.2
[    20.896] (II) LoadModule: "fbdev"
[    20.896] (II) Loading /usr/lib/xorg/modules/drivers/fbdev_drv.so
[    20.899] (II) Module fbdev: vendor="X.Org Foundation"
[    20.899] 	compiled for 1.21.1.3, module version = 0.5.0
[    20.899] 	Module class: X.Org Video Driver
[    20.899] 	ABI class: X.Org Video Driver, version 25.2
[    20.899] (II) LoadModule: "vesa"
[    20.899] (II) Loading /usr/lib/xorg/modules/drivers/vesa_drv.so
[    20.901] (II) Module vesa: vendor="X.Org Foundation"
[    20.901] 	compiled for 1.21.1.3, module version = 2.5.0
[    20.901] 	Module class: X.Org Video Driver
[    20.901] 	ABI class: X.Org Video Driver, version 25.2
[    20.901] (II) modesetting: Driver for Modesetting Kernel Drivers: kms
[    20.901] (II) FBDEV: driver for framebuffer: fbdev
[    20.901] (II) VESA: driver for VESA chipsets: vesa
[    20.902] xf86EnableIO: failed to enable I/O ports 0000-03ff (Operation not permitted)
[    20.902] (II) modeset(0): using drv /dev/dri/card0
[    20.902] (WW) Falling back to old probe method for fbdev
[    20.902] (II) Loading sub module "fbdevhw"
[    20.902] (II) LoadModule: "fbdevhw"
[    20.904] (II) Loading /usr/lib/xorg/modules/libfbdevhw.so
[    20.910] (II) Module fbdevhw: vendor="X.Org Foundation"
[    20.910] 	compiled for 1.21.1.7, module version = 0.0.2
[    20.910] 	ABI class: X.Org Video Driver, version 25.2
[    20.911] (WW) VGA arbiter: cannot open kernel arbiter, no multi-card support
[    20.911] (II) modeset(0): Creating default Display subsection in Screen section
	"Default Screen Section" for depth/fbbpp 24/32
[    20.911] (==) modeset(0): Depth 24, (==) framebuffer bpp 32
[    20.911] (==) modeset(0): RGB weight 888
[    20.911] (==) modeset(0): Default visual is TrueColor
[    20.911] (II) Loading sub module "glamoregl"
[    20.911] (II) LoadModule: "glamoregl"
[    20.911] (II) Loading /usr/lib/xorg/modules/libglamoregl.so
[    20.922] (II) Module glamoregl: vendor="X.Org Foundation"
[    20.922] 	compiled for 1.21.1.7, module version = 1.0.1
[    20.922] 	ABI class: X.Org ANSI C Emulation, version 0.4
[    22.947] (II) modeset(0): glamor X acceleration enabled on Mesa Intel(R) UHD Graphics (TGL GT2)
[    22.947] (II) modeset(0): glamor initialized
[    22.947] (==) modeset(0): VariableRefresh: disabled
[    22.947] (==) modeset(0): AsyncFlipSecondaries: disabled
[    22.957] (II) modeset(0): Output eDP-1 has no monitor section
[    22.957] (II) modeset(0): Output HDMI-1 has no monitor section
[    22.957] (II) modeset(0): Output DP-1 has no monitor section
[    22.959] (II) modeset(0): EDID for output eDP-1
[    22.959] (II) modeset(0): Manufacturer: BOE  Model: 9f0  Serial#: 0
[    22.959] (II) modeset(0): Year: 2019  Week: 35
[    22.959] (II) modeset(0): EDID Version: 1.4
[    22.959] (II) modeset(0): Digital Display Input
[    22.959] (II) modeset(0): 6 bits per channel
[    22.959] (II) modeset(0): Digital interface is DisplayPort
[    22.959] (II) modeset(0): Max Image Size [cm]: horiz.: 31  vert.: 17
[    22.959] (II) modeset(0): Gamma: 2.20
[    22.959] (II) modeset(0): No DPMS capabilities specified
[    22.959] (II) modeset(0): Supported color encodings: RGB 4:4:4 
[    22.959] (II) modeset(0): First detailed timing is preferred mode
[    22.959] (II) modeset(0): Preferred mode is native pixel format and refresh rate
[    22.959] (II) modeset(0): Display is continuous-frequency
[    22.959] (II) modeset(0): redX: 0.586 redY: 0.364   greenX: 0.358 greenY: 0.568
[    22.959] (II) modeset(0): blueX: 0.163 blueY: 0.112   whiteX: 0.313 whiteY: 0.329
[    22.959] (II) modeset(0): Manufacturer's mask: 0
[    22.959] (II) modeset(0): Supported detailed timing:
[    22.959] (II) modeset(0): clock: 147.1 MHz   Image Size:  309 x 174 mm
[    22.959] (II) modeset(0): h_active: 1920  h_sync: 1968  h_sync_end 2000 h_blank_end 2150 h_border: 0
[    22.959] (II) modeset(0): v_active: 1080  v_sync: 1083  v_sync_end 1089 v_blanking: 1140 v_border: 0
[    22.959] (II) modeset(0): Supported detailed timing:
[    22.959] (II) modeset(0): clock: 98.0 MHz   Image Size:  309 x 174 mm
[    22.959] (II) modeset(0): h_active: 1920  h_sync: 1968  h_sync_end 2000 h_blank_end 2150 h_border: 0
[    22.959] (II) modeset(0): v_active: 1080  v_sync: 1083  v_sync_end 1089 v_blanking: 1140 v_border: 0
[    22.959] (II) modeset(0): Unknown vendor-specific block 2
[    22.959] (II) modeset(0): EDID (in hex):
[    22.959] (II) modeset(0): 	00ffffffffffff0009e5f00900000000
[    22.959] (II) modeset(0): 	231d0104951f1178031ef5965d5b9129
[    22.959] (II) modeset(0): 	1c505400000001010101010101010101
[    22.959] (II) modeset(0): 	010101010101723980e670383c403020
[    22.959] (II) modeset(0): 	360035ae1000001a4c2680e670383c40
[    22.959] (II) modeset(0): 	3020360035ae1000001a000000000000
[    22.959] (II) modeset(0): 	00000000000000000000000000000002
[    22.959] (II) modeset(0): 	000d40ff0a3c7d110b177d0000000097
[    22.959] (II) modeset(0): Printing probed modes for output eDP-1
[    22.959] (II) modeset(0): Modeline "1920x1080"x60.0  147.06  1920 1968 2000 2150  1080 1083 1089 1140 +hsync -vsync (68.4 kHz eP)
[    22.959] (II) modeset(0): Modeline "1920x1080"x119.9  266.50  1920 1944 1960 2000  1080 1081 1084 1111 doublescan +hsync -vsync (133.2 kHz d)
[    22.959] (II) modeset(0): Modeline "1920x1080"x60.0  173.00  1920 2048 2248 2576  1080 1083 1088 1120 -hsync +vsync (67.2 kHz d)
[    22.959] (II) modeset(0): Modeline "1920x1080"x59.9  138.50  1920 1968 2000 2080  1080 1083 1088 1111 +hsync -vsync (66.6 kHz d)
[    22.959] (II) modeset(0): Modeline "1920x1080"x40.0   98.04  1920 1968 2000 2150  1080 1083 1089 1140 +hsync -vsync (45.6 kHz e)
[    22.959] (II) modeset(0): Modeline "1680x1050"x60.0  146.25  1680 1784 1960 2240  1050 1053 1059 1089 -hsync +vsync (65.3 kHz d)
[    22.959] (II) modeset(0): Modeline "1680x1050"x59.9  119.00  1680 1728 1760 1840  1050 1053 1059 1080 +hsync -vsync (64.7 kHz d)
[    22.959] (II) modeset(0): Modeline "1400x1050"x60.0  122.00  1400 1488 1640 1880  1050 1052 1064 1082 +hsync +vsync (64.9 kHz d)
[    22.959] (II) modeset(0): Modeline "1600x900"x120.0  246.00  1600 1728 1900 2200  900 901 904 932 doublescan -hsync +vsync (111.8 kHz d)
[    22.959] (II) modeset(0): Modeline "1600x900"x119.9  186.50  1600 1624 1640 1680  900 901 904 926 doublescan +hsync -vsync (111.0 kHz d)
[    22.959] (II) modeset(0): Modeline "1600x900"x59.9  118.25  1600 1696 1856 2112  900 903 908 934 -hsync +vsync (56.0 kHz d)
[    22.959] (II) modeset(0): Modeline "1600x900"x59.8   97.50  1600 1648 1680 1760  900 903 908 926 +hsync -vsync (55.4 kHz d)
[    22.959] (II) modeset(0): Modeline "1280x1024"x60.0  108.00  1280 1328 1440 1688  1024 1025 1028 1066 +hsync +vsync (64.0 kHz d)
[    22.959] (II) modeset(0): Modeline "1400x900"x60.0  103.50  1400 1480 1624 1848  900 903 913 934 -hsync +vsync (56.0 kHz d)
[    22.959] (II) modeset(0): Modeline "1400x900"x59.9   86.50  1400 1448 1480 1560  900 903 913 926 +hsync -vsync (55.4 kHz d)
[    22.959] (II) modeset(0): Modeline "1280x960"x60.0  108.00  1280 1376 1488 1800  960 961 964 1000 +hsync +vsync (60.0 kHz d)
[    22.959] (II) modeset(0): Modeline "1440x810"x120.0  198.12  1440 1548 1704 1968  810 811 814 839 doublescan -hsync +vsync (100.7 kHz d)
[    22.959] (II) modeset(0): Modeline "1440x810"x119.9  151.88  1440 1464 1480 1520  810 811 814 833 doublescan +hsync -vsync (99.9 kHz d)
[    22.959] (II) modeset(0): Modeline "1368x768"x59.9   85.25  1368 1440 1576 1784  768 771 781 798 -hsync +vsync (47.8 kHz d)
[    22.959] (II) modeset(0): Modeline "1368x768"x59.9   72.25  1368 1416 1448 1528  768 771 781 790 +hsync -vsync (47.3 kHz d)
[    22.959] (II) modeset(0): Modeline "1280x800"x120.0  174.25  1280 1380 1516 1752  800 801 804 829 doublescan -hsync +vsync (99.5 kHz d)
[    22.959] (II) modeset(0): Modeline "1280x800"x119.9  134.25  1280 1304 1320 1360  800 801 804 823 doublescan +hsync -vsync (98.7 kHz d)
[    22.959] (II) modeset(0): Modeline "1280x800"x59.8   83.50  1280 1352 1480 1680  800 803 809 831 -hsync +vsync (49.7 kHz d)
[    22.959] (II) modeset(0): Modeline "1280x800"x59.9   71.00  1280 1328 1360 1440  800 803 809 823 +hsync -vsync (49.3 kHz d)
[    22.959] (II) modeset(0): Modeline "1280x720"x120.0  156.12  1280 1376 1512 1744  720 721 724 746 doublescan -hsync +vsync (89.5 kHz d)
[    22.959] (II) modeset(0): Modeline "1280x720"x120.0  120.75  1280 1304 1320 1360  720 721 724 740 doublescan +hsync -vsync (88.8 kHz d)
[    22.959] (II) modeset(0): Modeline "1280x720"x59.9   74.50  1280 1344 1472 1664  720 723 728 748 -hsync +vsync (44.8 kHz d)
[    22.959] (II) modeset(0): Modeline "1280x720"x59.7   63.75  1280 1328 1360 1440  720 723 728 741 +hsync -vsync (44.3 kHz d)
[    22.959] (II) modeset(0): Modeline "1024x768"x120.1  133.47  1024 1100 1212 1400  768 768 770 794 doublescan -hsync +vsync (95.3 kHz d)
[    22.959] (II) modeset(0): Modeline "1024x768"x60.0   65.00  1024 1048 1184 1344  768 771 777 806 -hsync -vsync (48.4 kHz d)
[    22.959] (II) modeset(0): Modeline "960x720"x120.0  117.00  960 1024 1128 1300  720 720 722 750 doublescan -hsync +vsync (90.0 kHz d)
[    22.959] (II) modeset(0): Modeline "928x696"x120.1  109.15  928 976 1088 1264  696 696 698 719 doublescan -hsync +vsync (86.4 kHz d)
[    22.959] (II) modeset(0): Modeline "896x672"x120.0  102.40  896 960 1060 1224  672 672 674 697 doublescan -hsync +vsync (83.7 kHz d)
[    22.959] (II) modeset(0): Modeline "1024x576"x119.9   98.50  1024 1092 1200 1376  576 577 580 597 doublescan -hsync +vsync (71.6 kHz d)
[    22.959] (II) modeset(0): Modeline "1024x576"x119.9   78.38  1024 1048 1064 1104  576 577 580 592 doublescan +hsync -vsync (71.0 kHz d)
[    22.959] (II) modeset(0): Modeline "1024x576"x59.9   46.50  1024 1064 1160 1296  576 579 584 599 -hsync +vsync (35.9 kHz d)
[    22.959] (II) modeset(0): Modeline "1024x576"x59.8   42.00  1024 1072 1104 1184  576 579 584 593 +hsync -vsync (35.5 kHz d)
[    22.959] (II) modeset(0): Modeline "960x600"x119.9   96.62  960 1028 1128 1296  600 601 604 622 doublescan -hsync +vsync (74.6 kHz d)
[    22.959] (II) modeset(0): Modeline "960x600"x120.0   77.00  960 984 1000 1040  600 601 604 617 doublescan +hsync -vsync (74.0 kHz d)
[    22.959] (II) modeset(0): Modeline "960x540"x119.9   86.50  960 1024 1124 1288  540 541 544 560 doublescan -hsync +vsync (67.2 kHz d)
[    22.959] (II) modeset(0): Modeline "960x540"x120.0   69.25  960 984 1000 1040  540 541 544 555 doublescan +hsync -vsync (66.6 kHz d)
[    22.959] (II) modeset(0): Modeline "960x540"x59.6   40.75  960 992 1088 1216  540 543 548 562 -hsync +vsync (33.5 kHz d)
[    22.959] (II) modeset(0): Modeline "960x540"x59.8   37.25  960 1008 1040 1120  540 543 548 556 +hsync -vsync (33.3 kHz d)
[    22.959] (II) modeset(0): Modeline "800x600"x120.0   81.00  800 832 928 1080  600 600 602 625 doublescan +hsync +vsync (75.0 kHz d)
[    22.959] (II) modeset(0): Modeline "800x600"x60.3   40.00  800 840 968 1056  600 601 605 628 +hsync +vsync (37.9 kHz d)
[    22.959] (II) modeset(0): Modeline "800x600"x56.2   36.00  800 824 896 1024  600 601 603 625 +hsync +vsync (35.2 kHz d)
[    22.959] (II) modeset(0): Modeline "840x525"x120.0   73.12  840 892 980 1120  525 526 529 544 doublescan -hsync +vsync (65.3 kHz d)
[    22.959] (II) modeset(0): Modeline "840x525"x119.8   59.50  840 864 880 920  525 526 529 540 doublescan +hsync -vsync (64.7 kHz d)
[    22.959] (II) modeset(0): Modeline "864x486"x59.9   32.50  864 888 968 1072  486 489 494 506 -hsync +vsync (30.3 kHz d)
[    22.959] (II) modeset(0): Modeline "864x486"x59.6   30.50  864 912 944 1024  486 489 494 500 +hsync -vsync (29.8 kHz d)
[    22.959] (II) modeset(0): Modeline "700x525"x120.0   61.00  700 744 820 940  525 526 532 541 doublescan +hsync +vsync (64.9 kHz d)
[    22.959] (II) modeset(0): Modeline "800x450"x119.9   59.12  800 848 928 1056  450 451 454 467 doublescan -hsync +vsync (56.0 kHz d)
[    22.959] (II) modeset(0): Modeline "800x450"x119.6   48.75  800 824 840 880  450 451 454 463 doublescan +hsync -vsync (55.4 kHz d)
[    22.959] (II) modeset(0): Modeline "640x512"x120.0   54.00  640 664 720 844  512 512 514 533 doublescan +hsync +vsync (64.0 kHz d)
[    22.959] (II) modeset(0): Modeline "700x450"x119.9   51.75  700 740 812 924  450 451 456 467 doublescan -hsync +vsync (56.0 kHz d)
[    22.959] (II) modeset(0): Modeline "700x450"x119.8   43.25  700 724 740 780  450 451 456 463 doublescan +hsync -vsync (55.4 kHz d)
[    22.959] (II) modeset(0): Modeline "640x480"x120.0   54.00  640 688 744 900  480 480 482 500 doublescan +hsync +vsync (60.0 kHz d)
[    22.959] (II) modeset(0): Modeline "640x480"x59.9   25.18  640 656 752 800  480 490 492 525 -hsync -vsync (31.5 kHz d)
[    22.959] (II) modeset(0): Modeline "720x405"x59.5   22.50  720 744 808 896  405 408 413 422 -hsync +vsync (25.1 kHz d)
[    22.959] (II) modeset(0): Modeline "720x405"x59.0   21.75  720 768 800 880  405 408 413 419 +hsync -vsync (24.7 kHz d)
[    22.959] (II) modeset(0): Modeline "684x384"x119.8   42.62  684 720 788 892  384 385 390 399 doublescan -hsync +vsync (47.8 kHz d)
[    22.959] (II) modeset(0): Modeline "684x384"x119.7   36.12  684 708 724 764  384 385 390 395 doublescan +hsync -vsync (47.3 kHz d)
[    22.959] (II) modeset(0): Modeline "640x400"x119.8   41.75  640 676 740 840  400 401 404 415 doublescan -hsync +vsync (49.7 kHz d)
[    22.959] (II) modeset(0): Modeline "640x400"x120.0   35.50  640 664 680 720  400 401 404 411 doublescan +hsync -vsync (49.3 kHz d)
[    22.959] (II) modeset(0): Modeline "640x360"x119.7   37.25  640 672 736 832  360 361 364 374 doublescan -hsync +vsync (44.8 kHz d)
[    22.959] (II) modeset(0): Modeline "640x360"x119.7   31.88  640 664 680 720  360 361 364 370 doublescan +hsync -vsync (44.3 kHz d)
[    22.959] (II) modeset(0): Modeline "640x360"x59.8   18.00  640 664 720 800  360 363 368 376 -hsync +vsync (22.5 kHz d)
[    22.959] (II) modeset(0): Modeline "640x360"x59.3   17.75  640 688 720 800  360 363 368 374 +hsync -vsync (22.2 kHz d)
[    22.959] (II) modeset(0): Modeline "512x384"x120.0   32.50  512 524 592 672  384 385 388 403 doublescan -hsync -vsync (48.4 kHz d)
[    22.959] (II) modeset(0): Modeline "512x288"x120.0   23.25  512 532 580 648  288 289 292 299 doublescan -hsync +vsync (35.9 kHz d)
[    22.959] (II) modeset(0): Modeline "512x288"x119.8   21.00  512 536 552 592  288 289 292 296 doublescan +hsync -vsync (35.5 kHz d)
[    22.959] (II) modeset(0): Modeline "480x270"x119.3   20.38  480 496 544 608  270 271 274 281 doublescan -hsync +vsync (33.5 kHz d)
[    22.959] (II) modeset(0): Modeline "480x270"x119.6   18.62  480 504 520 560  270 271 274 278 doublescan +hsync -vsync (33.3 kHz d)
[    22.959] (II) modeset(0): Modeline "400x300"x120.6   20.00  400 420 484 528  300 300 302 314 doublescan +hsync +vsync (37.9 kHz d)
[    22.959] (II) modeset(0): Modeline "400x300"x112.7   18.00  400 412 448 512  300 300 301 312 doublescan +hsync +vsync (35.2 kHz d)
[    22.959] (II) modeset(0): Modeline "432x243"x119.8   16.25  432 444 484 536  243 244 247 253 doublescan -hsync +vsync (30.3 kHz d)
[    22.959] (II) modeset(0): Modeline "432x243"x119.1   15.25  432 456 472 512  243 244 247 250 doublescan +hsync -vsync (29.8 kHz d)
[    22.959] (II) modeset(0): Modeline "320x240"x120.1   12.59  320 328 376 400  240 245 246 262 doublescan -hsync -vsync (31.5 kHz d)
[    22.959] (II) modeset(0): Modeline "360x202"x119.0   11.25  360 372 404 448  202 204 206 211 doublescan -hsync +vsync (25.1 kHz d)
[    22.959] (II) modeset(0): Modeline "360x202"x118.3   10.88  360 384 400 440  202 204 206 209 doublescan +hsync -vsync (24.7 kHz d)
[    22.959] (II) modeset(0): Modeline "320x180"x119.7    9.00  320 332 360 400  180 181 184 188 doublescan -hsync +vsync (22.5 kHz d)
[    22.959] (II) modeset(0): Modeline "320x180"x118.6    8.88  320 344 360 400  180 181 184 187 doublescan +hsync -vsync (22.2 kHz d)
[    22.959] (II) modeset(0): EDID for output HDMI-1
[    22.959] (II) modeset(0): EDID for output DP-1
[    22.959] (II) modeset(0): Output eDP-1 connected
[    22.959] (II) modeset(0): Output HDMI-1 disconnected
[    22.959] (II) modeset(0): Output DP-1 disconnected
[    22.959] (II) modeset(0): Using exact sizes for initial modes
[    22.959] (II) modeset(0): Output eDP-1 using initial mode 1920x1080 +0+0
[    22.959] (==) modeset(0): Using gamma correction (1.0, 1.0, 1.0)
[    22.959] (==) modeset(0): DPI set to (96, 96)
[    22.959] (II) Loading sub module "fb"
[    22.959] (II) LoadModule: "fb"
[    22.959] (II) Module "fb" already built-in
[    22.959] (II) UnloadModule: "fbdev"
[    22.959] (II) Unloading fbdev
[    22.959] (II) UnloadSubModule: "fbdevhw"
[    22.959] (II) Unloading fbdevhw
[    22.959] (II) UnloadModule: "vesa"
[    22.959] (II) Unloading vesa
[    23.121] (==) modeset(0): Backing store enabled
[    23.121] (==) modeset(0): Silken mouse enabled
[    23.203] (II) modeset(0): Initializing kms color map for depth 24, 8 bpc.
[    23.204] (==) modeset(0): DPMS enabled
[    23.204] (II) modeset(0): [DRI2] Setup complete
[    23.204] (II) modeset(0): [DRI2]   DRI driver: iris
[    23.204] (II) modeset(0): [DRI2]   VDPAU driver: va_gl
[    23.204] (II) Initializing extension Generic Event Extension
[    23.204] (II) Initializing extension SHAPE
[    23.204] (II) Initializing extension MIT-SHM
[    23.204] (II) Initializing extension XInputExtension
[    23.211] (II) Initializing extension XTEST
[    23.211] (II) Initializing extension BIG-REQUESTS
[    23.212] (II) Initializing extension SYNC
[    23.212] (II) Initializing extension XKEYBOARD
[    23.212] (II) Initializing extension XC-MISC
[    23.212] (II) Initializing extension SECURITY
[    23.212] (II) Initializing extension XFIXES
[    23.212] (II) Initializing extension RENDER
[    23.212] (II) Initializing extension RANDR
[    23.212] (II) Initializing extension COMPOSITE
[    23.212] (II) Initializing extension DAMAGE
[    23.213] (II) Initializing extension MIT-SCREEN-SAVER
[    23.213] (II) Initializing extension DOUBLE-BUFFER
[    23.213] (II) Initializing extension RECORD
[    23.213] (II) Initializing extension DPMS
[    23.213] (II) Initializing extension Present
[    23.213] (II) Initializing extension DRI3
[    23.213] (II) Initializing extension X-Resource
[    23.213] (II) Initializing extension XVideo
[    23.213] (II) Initializing extension XVideo-MotionCompensation
[    23.213] (II) Initializing extension SELinux
[    23.213] (II) SELinux: Disabled on system
[    23.213] (II) Initializing extension GLX
[    23.220] (II) AIGLX: Loaded and initialized iris
[    23.220] (II) GLX: Initialized DRI2 GL provider for screen 0
[    23.220] (II) Initializing extension XFree86-VidModeExtension
[    23.220] (II) Initializing extension XFree86-DGA
[    23.220] (II) Initializing extension XFree86-DRI
[    23.220] (II) Initializing extension DRI2
[    23.221] (II) modeset(0): Damage tracking initialized
[    23.221] (II) modeset(0): Setting screen physical size to 508 x 285
[    23.329] (II) config/udev: Adding input device Power Button (/dev/input/event2)
[    23.329] (**) Power Button: Applying InputClass "libinput keyboard catchall"
[    23.329] (II) LoadModule: "libinput"
[    23.329] (II) Loading /usr/lib/xorg/modules/input/libinput_drv.so
[    23.348] (II) Module libinput: vendor="X.Org Foundation"
[    23.348] 	compiled for 1.21.1.3, module version = 1.2.1
[    23.348] 	Module class: X.Org XInput Driver
[    23.348] 	ABI class: X.Org XInput driver, version 24.4
[    23.348] (II) Using input driver 'libinput' for 'Power Button'
[    23.349] (II) systemd-logind: got fd for /dev/input/event2 13:66 fd 27 paused 0
[    23.349] (**) Power Button: always reports core events
[    23.349] (**) Option "Device" "/dev/input/event2"
[    23.360] (II) event2  - Power Button: is tagged by udev as: Keyboard
[    23.360] (II) event2  - Power Button: device is a keyboard
[    23.360] (II) event2  - Power Button: device removed
[    23.360] (**) Option "config_info" "udev:/sys/devices/LNXSYSTM:00/LNXPWRBN:00/input/input2/event2"
[    23.360] (II) XINPUT: Adding extended input device "Power Button" (type: KEYBOARD, id 6)
[    23.360] (**) Option "xkb_model" "pc105"
[    23.360] (**) Option "xkb_layout" "us"
[    23.360] (II) event2  - Power Button: is tagged by udev as: Keyboard
[    23.360] (II) event2  - Power Button: device is a keyboard
[    23.361] (II) config/udev: Adding input device Video Bus (/dev/input/event12)
[    23.361] (**) Video Bus: Applying InputClass "libinput keyboard catchall"
[    23.361] (II) Using input driver 'libinput' for 'Video Bus'
[    23.361] (II) systemd-logind: got fd for /dev/input/event12 13:76 fd 30 paused 0
[    23.361] (**) Video Bus: always reports core events
[    23.361] (**) Option "Device" "/dev/input/event12"
[    23.362] (II) event12 - Video Bus: is tagged by udev as: Keyboard
[    23.362] (II) event12 - Video Bus: device is a keyboard
[    23.362] (II) event12 - Video Bus: device removed
[    23.362] (**) Option "config_info" "udev:/sys/devices/LNXSYSTM:00/LNXSYBUS:00/PNP0A08:00/LNXVIDEO:00/input/input27/event12"
[    23.362] (II) XINPUT: Adding extended input device "Video Bus" (type: KEYBOARD, id 7)
[    23.362] (**) Option "xkb_model" "pc105"
[    23.362] (**) Option "xkb_layout" "us"
[    23.363] (II) event12 - Video Bus: is tagged by udev as: Keyboard
[    23.363] (II) event12 - Video Bus: device is a keyboard
[    23.363] (II) config/udev: Adding input device Lid Switch (/dev/input/event1)
[    23.363] (II) No input driver specified, ignoring this device.
[    23.363] (II) This device may have been added with another device file.
[    23.364] (II) config/udev: Adding input device HP Wide Vision HD Camera: HP Wi (/dev/input/event16)
[    23.364] (**) HP Wide Vision HD Camera: HP Wi: Applying InputClass "libinput keyboard catchall"
[    23.364] (II) Using input driver 'libinput' for 'HP Wide Vision HD Camera: HP Wi'
[    23.365] (II) systemd-logind: got fd for /dev/input/event16 13:80 fd 31 paused 0
[    23.365] (**) HP Wide Vision HD Camera: HP Wi: always reports core events
[    23.365] (**) Option "Device" "/dev/input/event16"
[    23.365] (II) event16 - HP Wide Vision HD Camera: HP Wi: is tagged by udev as: Keyboard
[    23.365] (II) event16 - HP Wide Vision HD Camera: HP Wi: device is a keyboard
[    23.365] (II) event16 - HP Wide Vision HD Camera: HP Wi: device removed
[    23.365] (**) Option "config_info" "udev:/sys/devices/pci0000:00/0000:00:14.0/usb3/3-4/3-4:1.0/input/input31/event16"
[    23.365] (II) XINPUT: Adding extended input device "HP Wide Vision HD Camera: HP Wi" (type: KEYBOARD, id 8)
[    23.365] (**) Option "xkb_model" "pc105"
[    23.365] (**) Option "xkb_layout" "us"
[    23.366] (II) event16 - HP Wide Vision HD Camera: HP Wi: is tagged by udev as: Keyboard
[    23.366] (II) event16 - HP Wide Vision HD Camera: HP Wi: device is a keyboard
[    23.367] (II) config/udev: Adding input device ELAN0749:00 04F3:31A5 Mouse (/dev/input/event3)
[    23.367] (**) ELAN0749:00 04F3:31A5 Mouse: Applying InputClass "libinput pointer catchall"
[    23.367] (II) Using input driver 'libinput' for 'ELAN0749:00 04F3:31A5 Mouse'
[    23.367] (II) systemd-logind: got fd for /dev/input/event3 13:67 fd 32 paused 0
[    23.367] (**) ELAN0749:00 04F3:31A5 Mouse: always reports core events
[    23.367] (**) Option "Device" "/dev/input/event3"
[    23.368] (II) event3  - ELAN0749:00 04F3:31A5 Mouse: is tagged by udev as: Mouse Pointingstick
[    23.368] (II) event3  - ELAN0749:00 04F3:31A5 Mouse: device is a pointer
[    23.368] (II) event3  - ELAN0749:00 04F3:31A5 Mouse: device removed
[    23.368] (**) Option "config_info" "udev:/sys/devices/pci0000:00/0000:00:15.0/i2c_designware.0/i2c-1/i2c-ELAN0749:00/0018:04F3:31A5.0001/input/input15/event3"
[    23.368] (II) XINPUT: Adding extended input device "ELAN0749:00 04F3:31A5 Mouse" (type: MOUSE, id 9)
[    23.368] (**) Option "AccelerationScheme" "none"
[    23.368] (**) ELAN0749:00 04F3:31A5 Mouse: (accel) selected scheme none/0
[    23.368] (**) ELAN0749:00 04F3:31A5 Mouse: (accel) acceleration factor: 2.000
[    23.368] (**) ELAN0749:00 04F3:31A5 Mouse: (accel) acceleration threshold: 4
[    23.369] (II) event3  - ELAN0749:00 04F3:31A5 Mouse: is tagged by udev as: Mouse Pointingstick
[    23.369] (II) event3  - ELAN0749:00 04F3:31A5 Mouse: device is a pointer
[    23.370] (II) config/udev: Adding input device ELAN0749:00 04F3:31A5 Mouse (/dev/input/mouse0)
[    23.370] (II) No input driver specified, ignoring this device.
[    23.370] (II) This device may have been added with another device file.
[    23.370] (II) config/udev: Adding input device ELAN0749:00 04F3:31A5 Touchpad (/dev/input/event4)
[    23.370] (**) ELAN0749:00 04F3:31A5 Touchpad: Applying InputClass "libinput touchpad catchall"
[    23.370] (**) ELAN0749:00 04F3:31A5 Touchpad: Applying InputClass "libinput touchpad catchall"
[    23.370] (II) Using input driver 'libinput' for 'ELAN0749:00 04F3:31A5 Touchpad'
[    23.370] (II) systemd-logind: got fd for /dev/input/event4 13:68 fd 33 paused 0
[    23.370] (**) ELAN0749:00 04F3:31A5 Touchpad: always reports core events
[    23.370] (**) Option "Device" "/dev/input/event4"
[    23.371] (II) event4  - ELAN0749:00 04F3:31A5 Touchpad: is tagged by udev as: Touchpad
[    23.372] (II) event4  - ELAN0749:00 04F3:31A5 Touchpad: device is a touchpad
[    23.372] (II) event4  - ELAN0749:00 04F3:31A5 Touchpad: device removed
[    23.372] (**) Option "Tapping" "true"
[    23.372] (**) Option "ScrollMethod" "twofinger"
[    23.372] (**) Option "DisableWhileTyping" "false"
[    23.372] (**) Option "config_info" "udev:/sys/devices/pci0000:00/0000:00:15.0/i2c_designware.0/i2c-1/i2c-ELAN0749:00/0018:04F3:31A5.0001/input/input17/event4"
[    23.372] (II) XINPUT: Adding extended input device "ELAN0749:00 04F3:31A5 Touchpad" (type: TOUCHPAD, id 10)
[    23.373] (**) Option "AccelerationScheme" "none"
[    23.373] (**) ELAN0749:00 04F3:31A5 Touchpad: (accel) selected scheme none/0
[    23.373] (**) ELAN0749:00 04F3:31A5 Touchpad: (accel) acceleration factor: 2.000
[    23.373] (**) ELAN0749:00 04F3:31A5 Touchpad: (accel) acceleration threshold: 4
[    23.374] (II) event4  - ELAN0749:00 04F3:31A5 Touchpad: is tagged by udev as: Touchpad
[    23.375] (II) event4  - ELAN0749:00 04F3:31A5 Touchpad: device is a touchpad
[    23.375] (II) config/udev: Adding input device ELAN0749:00 04F3:31A5 Touchpad (/dev/input/mouse1)
[    23.375] (II) No input driver specified, ignoring this device.
[    23.375] (II) This device may have been added with another device file.
[    23.376] (II) config/udev: Adding input device ELAN2514:00 04F3:2CF1 (/dev/input/event5)
[    23.376] (**) ELAN2514:00 04F3:2CF1: Applying InputClass "libinput touchscreen catchall"
[    23.376] (II) Using input driver 'libinput' for 'ELAN2514:00 04F3:2CF1'
[    23.376] (II) systemd-logind: got fd for /dev/input/event5 13:69 fd 34 paused 0
[    23.376] (**) ELAN2514:00 04F3:2CF1: always reports core events
[    23.376] (**) Option "Device" "/dev/input/event5"
[    23.377] (II) event5  - ELAN2514:00 04F3:2CF1: is tagged by udev as: Touchscreen
[    23.377] (II) event5  - ELAN2514:00 04F3:2CF1: device is a touch device
[    23.377] (II) event5  - ELAN2514:00 04F3:2CF1: device removed
[    23.377] (**) Option "config_info" "udev:/sys/devices/pci0000:00/0000:00:15.1/i2c_designware.1/i2c-2/i2c-ELAN2514:00/0018:04F3:2CF1.0002/input/input18/event5"
[    23.377] (II) XINPUT: Adding extended input device "ELAN2514:00 04F3:2CF1" (type: TOUCHSCREEN, id 11)
[    23.377] (**) Option "AccelerationScheme" "none"
[    23.377] (**) ELAN2514:00 04F3:2CF1: (accel) selected scheme none/0
[    23.377] (**) ELAN2514:00 04F3:2CF1: (accel) acceleration factor: 2.000
[    23.377] (**) ELAN2514:00 04F3:2CF1: (accel) acceleration threshold: 4
[    23.378] (II) event5  - ELAN2514:00 04F3:2CF1: is tagged by udev as: Touchscreen
[    23.378] (II) event5  - ELAN2514:00 04F3:2CF1: device is a touch device
[    23.379] (II) config/udev: Adding input device ELAN2514:00 04F3:2CF1 (/dev/input/mouse2)
[    23.379] (II) No input driver specified, ignoring this device.
[    23.379] (II) This device may have been added with another device file.
[    23.379] (II) config/udev: Adding input device ELAN2514:00 04F3:2CF1 UNKNOWN (/dev/input/event6)
[    23.379] (II) No input driver specified, ignoring this device.
[    23.379] (II) This device may have been added with another device file.
[    23.379] (II) config/udev: Adding input device ELAN2514:00 04F3:2CF1 UNKNOWN (/dev/input/event7)
[    23.379] (II) No input driver specified, ignoring this device.
[    23.379] (II) This device may have been added with another device file.
[    23.379] (II) config/udev: Adding input device ELAN2514:00 04F3:2CF1 Stylus (/dev/input/event8)
[    23.379] (**) ELAN2514:00 04F3:2CF1 Stylus: Applying InputClass "libinput tablet catchall"
[    23.379] (II) Using input driver 'libinput' for 'ELAN2514:00 04F3:2CF1 Stylus'
[    23.380] (II) systemd-logind: got fd for /dev/input/event8 13:72 fd 35 paused 0
[    23.380] (**) ELAN2514:00 04F3:2CF1 Stylus: always reports core events
[    23.380] (**) Option "Device" "/dev/input/event8"
[    23.381] (II) event8  - ELAN2514:00 04F3:2CF1 Stylus: is tagged by udev as: Tablet
[    23.442] (II) event8  - ELAN2514:00 04F3:2CF1 Stylus: tablet 'ELAN2514:00 04F3:2CF1 Stylus' unknown to libwacom
[    23.442] (II) event8  - ELAN2514:00 04F3:2CF1 Stylus: device is a tablet
[    23.442] (II) event8  - ELAN2514:00 04F3:2CF1 Stylus: device removed
[    23.442] (**) Option "config_info" "udev:/sys/devices/pci0000:00/0000:00:15.1/i2c_designware.1/i2c-2/i2c-ELAN2514:00/0018:04F3:2CF1.0002/input/input21/event8"
[    23.442] (II) XINPUT: Adding extended input device "ELAN2514:00 04F3:2CF1 Stylus" (type: TABLET, id 12)
[    23.443] (II) event8  - ELAN2514:00 04F3:2CF1 Stylus: is tagged by udev as: Tablet
[    23.451] (II) event8  - ELAN2514:00 04F3:2CF1 Stylus: tablet 'ELAN2514:00 04F3:2CF1 Stylus' unknown to libwacom
[    23.451] (II) event8  - ELAN2514:00 04F3:2CF1 Stylus: device is a tablet
[    23.451] (II) config/udev: Adding input device ELAN2514:00 04F3:2CF1 Stylus (/dev/input/mouse3)
[    23.451] (II) No input driver specified, ignoring this device.
[    23.451] (II) This device may have been added with another device file.
[    23.451] (II) config/udev: Adding input device ELAN2514:00 04F3:2CF1 UNKNOWN (/dev/input/event9)
[    23.451] (II) No input driver specified, ignoring this device.
[    23.451] (II) This device may have been added with another device file.
[    23.452] (II) config/udev: Adding input device ELAN2514:00 04F3:2CF1 UNKNOWN (/dev/input/event10)
[    23.452] (II) No input driver specified, ignoring this device.
[    23.452] (II) This device may have been added with another device file.
[    23.452] (II) config/udev: Adding input device ELAN2514:00 04F3:2CF1 UNKNOWN (/dev/input/event11)
[    23.452] (II) No input driver specified, ignoring this device.
[    23.452] (II) This device may have been added with another device file.
[    23.452] (II) config/udev: Adding input device sof-hda-dsp Mic (/dev/input/event18)
[    23.452] (II) No input driver specified, ignoring this device.
[    23.452] (II) This device may have been added with another device file.
[    23.452] (II) config/udev: Adding input device sof-hda-dsp Headphone (/dev/input/event19)
[    23.452] (II) No input driver specified, ignoring this device.
[    23.452] (II) This device may have been added with another device file.
[    23.452] (II) config/udev: Adding input device sof-hda-dsp HDMI/DP,pcm=3 (/dev/input/event20)
[    23.452] (II) No input driver specified, ignoring this device.
[    23.452] (II) This device may have been added with another device file.
[    23.453] (II) config/udev: Adding input device sof-hda-dsp HDMI/DP,pcm=4 (/dev/input/event21)
[    23.453] (II) No input driver specified, ignoring this device.
[    23.453] (II) This device may have been added with another device file.
[    23.453] (II) config/udev: Adding input device sof-hda-dsp HDMI/DP,pcm=5 (/dev/input/event22)
[    23.453] (II) No input driver specified, ignoring this device.
[    23.453] (II) This device may have been added with another device file.
[    23.453] (II) config/udev: Adding input device Intel HID events (/dev/input/event13)
[    23.453] (**) Intel HID events: Applying InputClass "libinput keyboard catchall"
[    23.453] (II) Using input driver 'libinput' for 'Intel HID events'
[    23.454] (II) systemd-logind: got fd for /dev/input/event13 13:77 fd 37 paused 0
[    23.454] (**) Intel HID events: always reports core events
[    23.454] (**) Option "Device" "/dev/input/event13"
[    23.454] (II) event13 - Intel HID events: is tagged by udev as: Keyboard
[    23.454] (II) event13 - Intel HID events: device is a keyboard
[    23.454] (II) event13 - Intel HID events: device removed
[    23.454] (**) Option "config_info" "udev:/sys/devices/platform/INTC1051:00/input/input28/event13"
[    23.454] (II) XINPUT: Adding extended input device "Intel HID events" (type: KEYBOARD, id 13)
[    23.454] (**) Option "xkb_model" "pc105"
[    23.454] (**) Option "xkb_layout" "us"
[    23.455] (II) event13 - Intel HID events: is tagged by udev as: Keyboard
[    23.455] (II) event13 - Intel HID events: device is a keyboard
[    23.455] (II) config/udev: Adding input device Intel HID 5 button array (/dev/input/event14)
[    23.455] (**) Intel HID 5 button array: Applying InputClass "libinput keyboard catchall"
[    23.455] (II) Using input driver 'libinput' for 'Intel HID 5 button array'
[    23.455] (II) systemd-logind: got fd for /dev/input/event14 13:78 fd 38 paused 0
[    23.456] (**) Intel HID 5 button array: always reports core events
[    23.456] (**) Option "Device" "/dev/input/event14"
[    23.456] (II) event14 - Intel HID 5 button array: is tagged by udev as: Keyboard
[    23.456] (II) event14 - Intel HID 5 button array: device is a keyboard
[    23.456] (II) event14 - Intel HID 5 button array: device removed
[    23.456] (**) Option "config_info" "udev:/sys/devices/platform/INTC1051:00/input/input29/event14"
[    23.456] (II) XINPUT: Adding extended input device "Intel HID 5 button array" (type: KEYBOARD, id 14)
[    23.456] (**) Option "xkb_model" "pc105"
[    23.456] (**) Option "xkb_layout" "us"
[    23.457] (II) event14 - Intel HID 5 button array: is tagged by udev as: Keyboard
[    23.457] (II) event14 - Intel HID 5 button array: device is a keyboard
[    23.457] (II) config/udev: Adding input device AT Translated Set 2 keyboard (/dev/input/event0)
[    23.457] (**) AT Translated Set 2 keyboard: Applying InputClass "libinput keyboard catchall"
[    23.457] (II) Using input driver 'libinput' for 'AT Translated Set 2 keyboard'
[    23.457] (II) systemd-logind: got fd for /dev/input/event0 13:64 fd 39 paused 0
[    23.457] (**) AT Translated Set 2 keyboard: always reports core events
[    23.457] (**) Option "Device" "/dev/input/event0"
[    23.458] (II) event0  - AT Translated Set 2 keyboard: is tagged by udev as: Keyboard
[    23.458] (II) event0  - AT Translated Set 2 keyboard: device is a keyboard
[    23.459] (II) event0  - AT Translated Set 2 keyboard: device removed
[    23.459] (**) Option "config_info" "udev:/sys/devices/platform/i8042/serio0/input/input0/event0"
[    23.459] (II) XINPUT: Adding extended input device "AT Translated Set 2 keyboard" (type: KEYBOARD, id 15)
[    23.459] (**) Option "xkb_model" "pc105"
[    23.459] (**) Option "xkb_layout" "us"
[    23.459] (II) event0  - AT Translated Set 2 keyboard: is tagged by udev as: Keyboard
[    23.459] (II) event0  - AT Translated Set 2 keyboard: device is a keyboard
[    23.460] (II) config/udev: Adding input device PC Speaker (/dev/input/event15)
[    23.460] (II) No input driver specified, ignoring this device.
[    23.460] (II) This device may have been added with another device file.
[    23.460] (II) config/udev: Adding input device HP WMI hotkeys (/dev/input/event17)
[    23.460] (**) HP WMI hotkeys: Applying InputClass "libinput keyboard catchall"
[    23.460] (II) Using input driver 'libinput' for 'HP WMI hotkeys'
[    23.461] (II) systemd-logind: got fd for /dev/input/event17 13:81 fd 40 paused 0
[    23.461] (**) HP WMI hotkeys: always reports core events
[    23.461] (**) Option "Device" "/dev/input/event17"
[    23.461] (II) event17 - HP WMI hotkeys: is tagged by udev as: Keyboard Switch
[    23.461] (II) event17 - HP WMI hotkeys: device is a keyboard
[    23.461] (II) event17 - HP WMI hotkeys: device is a switch device
[    23.461] (II) event17 - HP WMI hotkeys: device removed
[    23.461] (**) Option "config_info" "udev:/sys/devices/virtual/input/input32/event17"
[    23.461] (II) XINPUT: Adding extended input device "HP WMI hotkeys" (type: KEYBOARD, id 16)
[    23.461] (**) Option "xkb_model" "pc105"
[    23.461] (**) Option "xkb_layout" "us"
[    23.462] (II) event17 - HP WMI hotkeys: is tagged by udev as: Keyboard Switch
[    23.462] (II) event17 - HP WMI hotkeys: device is a keyboard
[    23.462] (II) event17 - HP WMI hotkeys: device is a switch device
[    45.643] (II) modeset(0): EDID vendor "BOE", prod id 2544
[    45.643] (II) modeset(0): Printing DDC gathered Modelines:
[    45.643] (II) modeset(0): Modeline "1920x1080"x0.0  147.06  1920 1968 2000 2150  1080 1083 1089 1140 +hsync -vsync (68.4 kHz eP)
[    45.643] (II) modeset(0): Modeline "1920x1080"x0.0   98.04  1920 1968 2000 2150  1080 1083 1089 1140 +hsync -vsync (45.6 kHz e)
[    47.284] (II) modeset(0): EDID vendor "BOE", prod id 2544
[    47.284] (II) modeset(0): Printing DDC gathered Modelines:
[    47.284] (II) modeset(0): Modeline "1920x1080"x0.0  147.06  1920 1968 2000 2150  1080 1083 1089 1140 +hsync -vsync (68.4 kHz eP)
[    47.284] (II) modeset(0): Modeline "1920x1080"x0.0   98.04  1920 1968 2000 2150  1080 1083 1089 1140 +hsync -vsync (45.6 kHz e)
[   714.689] (EE) event4  - ELAN0749:00 04F3:31A5 Touchpad: kernel bug: Touch jump detected and discarded.
See https://wayland.freedesktop.org/libinput/doc/1.22.1/touchpad-jumping-cursors.html for details
[   719.822] (EE) event4  - ELAN0749:00 04F3:31A5 Touchpad: kernel bug: Touch jump detected and discarded.
See https://wayland.freedesktop.org/libinput/doc/1.22.1/touchpad-jumping-cursors.html for details
[   719.900] (EE) event4  - ELAN0749:00 04F3:31A5 Touchpad: kernel bug: Touch jump detected and discarded.
See https://wayland.freedesktop.org/libinput/doc/1.22.1/touchpad-jumping-cursors.html for details
[  1592.887] (EE) event4  - ELAN0749:00 04F3:31A5 Touchpad: kernel bug: Touch jump detected and discarded.
See https://wayland.freedesktop.org/libinput/doc/1.22.1/touchpad-jumping-cursors.html for details
[  3357.991] (EE) event4  - ELAN0749:00 04F3:31A5 Touchpad: kernel bug: Touch jump detected and discarded.
See https://wayland.freedesktop.org/libinput/doc/1.22.1/touchpad-jumping-cursors.html for details
[  3357.991] (EE) event4  - ELAN0749:00 04F3:31A5 Touchpad: WARNING: log rate limit exceeded (5 msgs per 24h). Discarding future messages.
[  4511.365] (**) Option "fd" "27"
[  4511.381] (II) event2  - Power Button: device removed
[  4511.389] (**) Option "fd" "30"
[  4511.389] (II) event12 - Video Bus: device removed
[  4511.389] (**) Option "fd" "31"
[  4511.389] (II) event16 - HP Wide Vision HD Camera: HP Wi: device removed
[  4511.389] (**) Option "fd" "32"
[  4511.389] (II) event3  - ELAN0749:00 04F3:31A5 Mouse: device removed
[  4511.389] (**) Option "fd" "33"
[  4511.389] (II) event4  - ELAN0749:00 04F3:31A5 Touchpad: device removed
[  4511.389] (**) Option "fd" "34"
[  4511.389] (II) event5  - ELAN2514:00 04F3:2CF1: device removed
[  4511.389] (**) Option "fd" "35"
[  4511.389] (II) event8  - ELAN2514:00 04F3:2CF1 Stylus: device removed
[  4511.389] (**) Option "fd" "37"
[  4511.389] (II) event13 - Intel HID events: device removed
[  4511.389] (**) Option "fd" "38"
[  4511.389] (II) event14 - Intel HID 5 button array: device removed
[  4511.389] (**) Option "fd" "39"
[  4511.390] (II) event0  - AT Translated Set 2 keyboard: device removed
[  4511.410] (**) Option "fd" "40"
[  4511.410] (II) event17 - HP WMI hotkeys: device removed
[  4511.495] (II) UnloadModule: "libinput"
[  4511.495] (II) systemd-logind: releasing fd for 13:81
[  4511.569] (II) UnloadModule: "libinput"
[  4511.569] (II) systemd-logind: releasing fd for 13:64
[  4511.593] (II) UnloadModule: "libinput"
[  4511.593] (II) systemd-logind: releasing fd for 13:78
[  4511.628] (II) UnloadModule: "libinput"
[  4511.628] (II) systemd-logind: releasing fd for 13:77
[  4511.656] (II) UnloadModule: "libinput"
[  4511.656] (II) systemd-logind: releasing fd for 13:72
[  4511.708] (II) UnloadModule: "libinput"
[  4511.708] (II) systemd-logind: releasing fd for 13:69
[  4511.740] (II) UnloadModule: "libinput"
[  4511.740] (II) systemd-logind: releasing fd for 13:68
[  4511.792] (II) UnloadModule: "libinput"
[  4511.792] (II) systemd-logind: releasing fd for 13:67
[  4511.824] (II) UnloadModule: "libinput"
[  4511.824] (II) systemd-logind: releasing fd for 13:80
[  4511.868] (II) UnloadModule: "libinput"
[  4511.868] (II) systemd-logind: releasing fd for 13:76
[  4511.907] (II) UnloadModule: "libinput"
[  4511.907] (II) systemd-logind: releasing fd for 13:66
[  4511.994] (II) Server terminated successfully (0). Closing log file.
